# JRE version: Java(TM) SE Runtime Environment (20.0.2+9) (build 20.0.2+9-78)
# Java VM: Java HotSpot(TM) 64-Bit Server VM (20.0.2+9-78, mixed mode, emulated-client, sharing, tiered, compressed oops, compressed class ptrs, g1 gc, windows-amd64)
GC Precious Log:
 CardTable entry size: 512
 Card Set container configuration: InlinePtr #cards 5 size 8 Array Of Cards #cards 12 size 40 Howl #buckets 4 coarsen threshold 1843 Howl Bitmap #cards 512 size 80 coarsen threshold 460 Card regions per heap region 1 cards per card region 2048
 CPUs: 4 total, 4 available
 Memory: 8095M
 Large Page Support: Disabled
 NUMA Support: Disabled
 Compressed Oops: Enabled (32-bit)
 Heap Region Size: 1M
 Heap Min Capacity: 8M
 Heap Initial Capacity: 128M
 Heap Max Capacity: 2024M
 Pre-touch: Disabled
 Parallel Workers: 4
 Concurrent Workers: 1
 Concurrent Refinement Workers: 4
 Periodic GC: Disabled
Heap:
 garbage-first heap   total 51200K, used 36614K [0x0000000081800000, 0x0000000100000000)
  region size 1024K, 18 young (18432K), 3 survivors (3072K)
 Metaspace       used 44490K, committed 45056K, reserved 1114112K
  class space    used 6213K, committed 6400K, reserved 1048576K
GC Heap History (20 events):
Event: 1.859 GC heap before
{Heap before GC invocations=0 (full 0):
 garbage-first heap   total 131072K, used 13312K [0x0000000081800000, 0x0000000100000000)
  region size 1024K, 13 young (13312K), 0 survivors (0K)
 Metaspace       used 4107K, committed 4288K, reserved 1114112K
  class space    used 486K, committed 576K, reserved 1048576K
}
Event: 1.878 GC heap after
{Heap after GC invocations=1 (full 0):
 garbage-first heap   total 131072K, used 6942K [0x0000000081800000, 0x0000000100000000)
  region size 1024K, 2 young (2048K), 2 survivors (2048K)
 Metaspace       used 4107K, committed 4288K, reserved 1114112K
  class space    used 486K, committed 576K, reserved 1048576K
}
Event: 3.585 GC heap before
{Heap before GC invocations=1 (full 0):
 garbage-first heap   total 131072K, used 18206K [0x0000000081800000, 0x0000000100000000)
  region size 1024K, 14 young (14336K), 2 survivors (2048K)
 Metaspace       used 7515K, committed 7744K, reserved 1114112K
  class space    used 932K, committed 1024K, reserved 1048576K
}
Event: 3.591 GC heap after
{Heap after GC invocations=2 (full 0):
 garbage-first heap   total 131072K, used 8229K [0x0000000081800000, 0x0000000100000000)
  region size 1024K, 2 young (2048K), 2 survivors (2048K)
 Metaspace       used 7515K, committed 7744K, reserved 1114112K
  class space    used 932K, committed 1024K, reserved 1048576K
}
Event: 8.039 GC heap before
{Heap before GC invocations=2 (full 0):
 garbage-first heap   total 131072K, used 38949K [0x0000000081800000, 0x0000000100000000)
  region size 1024K, 33 young (33792K), 2 survivors (2048K)
 Metaspace       used 14598K, committed 14912K, reserved 1114112K
  class space    used 2036K, committed 2176K, reserved 1048576K
}
Event: 8.047 GC heap after
{Heap after GC invocations=3 (full 0):
 garbage-first heap   total 131072K, used 10644K [0x0000000081800000, 0x0000000100000000)
  region size 1024K, 4 young (4096K), 4 survivors (4096K)
 Metaspace       used 14598K, committed 14912K, reserved 1114112K
  class space    used 2036K, committed 2176K, reserved 1048576K
}
Event: 14.505 GC heap before
{Heap before GC invocations=3 (full 0):
 garbage-first heap   total 131072K, used 44436K [0x0000000081800000, 0x0000000100000000)
  region size 1024K, 38 young (38912K), 4 survivors (4096K)
 Metaspace       used 21217K, committed 21504K, reserved 1114112K
  class space    used 2818K, committed 2944K, reserved 1048576K
}
Event: 14.523 GC heap after
{Heap after GC invocations=4 (full 0):
 garbage-first heap   total 131072K, used 13675K [0x0000000081800000, 0x0000000100000000)
  region size 1024K, 7 young (7168K), 7 survivors (7168K)
 Metaspace       used 21217K, committed 21504K, reserved 1114112K
  class space    used 2818K, committed 2944K, reserved 1048576K
}
Event: 23.408 GC heap before
{Heap before GC invocations=5 (full 0):
 garbage-first heap   total 51200K, used 37227K [0x0000000081800000, 0x0000000100000000)
  region size 1024K, 30 young (30720K), 7 survivors (7168K)
 Metaspace       used 23130K, committed 23552K, reserved 1114112K
  class space    used 3125K, committed 3328K, reserved 1048576K
}
Event: 23.426 GC heap after
{Heap after GC invocations=6 (full 0):
 garbage-first heap   total 51200K, used 15941K [0x0000000081800000, 0x0000000100000000)
  region size 1024K, 3 young (3072K), 3 survivors (3072K)
 Metaspace       used 23130K, committed 23552K, reserved 1114112K
  class space    used 3125K, committed 3328K, reserved 1048576K
}
Event: 31.506 GC heap before
{Heap before GC invocations=6 (full 0):
 garbage-first heap   total 51200K, used 39493K [0x0000000081800000, 0x0000000100000000)
  region size 1024K, 26 young (26624K), 3 survivors (3072K)
 Metaspace       used 26021K, committed 26368K, reserved 1114112K
  class space    used 3555K, committed 3712K, reserved 1048576K
}
Event: 31.518 GC heap after
{Heap after GC invocations=7 (full 0):
 garbage-first heap   total 51200K, used 16920K [0x0000000081800000, 0x0000000100000000)
  region size 1024K, 2 young (2048K), 2 survivors (2048K)
 Metaspace       used 26021K, committed 26368K, reserved 1114112K
  class space    used 3555K, committed 3712K, reserved 1048576K
}
Event: 34.214 GC heap before
{Heap before GC invocations=7 (full 0):
 garbage-first heap   total 51200K, used 41496K [0x0000000081800000, 0x0000000100000000)
  region size 1024K, 26 young (26624K), 2 survivors (2048K)
 Metaspace       used 30026K, committed 30528K, reserved 1114112K
  class space    used 4172K, committed 4416K, reserved 1048576K
}
Event: 34.222 GC heap after
{Heap after GC invocations=8 (full 0):
 garbage-first heap   total 51200K, used 19546K [0x0000000081800000, 0x0000000100000000)
  region size 1024K, 4 young (4096K), 4 survivors (4096K)
 Metaspace       used 30026K, committed 30528K, reserved 1114112K
  class space    used 4172K, committed 4416K, reserved 1048576K
}
Event: 37.388 GC heap before
{Heap before GC invocations=8 (full 0):
 garbage-first heap   total 51200K, used 42074K [0x0000000081800000, 0x0000000100000000)
  region size 1024K, 26 young (26624K), 4 survivors (4096K)
 Metaspace       used 33280K, committed 33856K, reserved 1114112K
  class space    used 4580K, committed 4864K, reserved 1048576K
}
Event: 37.399 GC heap after
{Heap after GC invocations=9 (full 0):
 garbage-first heap   total 51200K, used 21375K [0x0000000081800000, 0x0000000100000000)
  region size 1024K, 2 young (2048K), 2 survivors (2048K)
 Metaspace       used 33280K, committed 33856K, reserved 1114112K
  class space    used 4580K, committed 4864K, reserved 1048576K
}
Event: 40.789 GC heap before
{Heap before GC invocations=9 (full 0):
 garbage-first heap   total 51200K, used 28543K [0x0000000081800000, 0x0000000100000000)
  region size 1024K, 10 young (10240K), 2 survivors (2048K)
 Metaspace       used 35424K, committed 35968K, reserved 1114112K
  class space    used 4912K, committed 5184K, reserved 1048576K
}
Event: 40.796 GC heap after
{Heap after GC invocations=10 (full 0):
 garbage-first heap   total 51200K, used 21535K [0x0000000081800000, 0x0000000100000000)
  region size 1024K, 2 young (2048K), 2 survivors (2048K)
 Metaspace       used 35424K, committed 35968K, reserved 1114112K
  class space    used 4912K, committed 5184K, reserved 1048576K
}
Event: 45.947 GC heap before
{Heap before GC invocations=11 (full 0):
 garbage-first heap   total 51200K, used 43039K [0x0000000081800000, 0x0000000100000000)
  region size 1024K, 23 young (23552K), 2 survivors (2048K)
 Metaspace       used 41371K, committed 41920K, reserved 1114112K
  class space    used 5774K, committed 6016K, reserved 1048576K
}
Event: 45.957 GC heap after
{Heap after GC invocations=12 (full 0):
 garbage-first heap   total 51200K, used 23302K [0x0000000081800000, 0x0000000100000000)
  region size 1024K, 3 young (3072K), 3 survivors (3072K)
 Metaspace       used 41371K, committed 41920K, reserved 1114112K
  class space    used 5774K, committed 6016K, reserved 1048576K
}

